{"level":"error","message":"this.dao.find is not a function","timestamp":"2022-04-11T04:59:41.860Z"}
{"level":"error","message":"Cast to ObjectId failed for value \"{ email: 'carrerafranco421@gmail.com' }\" (type Object) at path \"_id\" for model \"User\"","timestamp":"2022-04-11T05:06:12.548Z"}
{"level":"error","message":"Cannot read properties of undefined (reading '_id')","timestamp":"2022-04-11T17:06:47.622Z"}
{"level":"error","message":"(intermediate value).then is not a function","timestamp":"2022-04-11T17:11:52.910Z"}
{"level":"error","message":"Product already exists.","timestamp":"2022-04-11T17:13:16.853Z"}
{"level":"error","message":"res.json(...).then is not a function","timestamp":"2022-04-11T17:13:57.099Z"}
{"level":"error","message":"(intermediate value).then is not a function","timestamp":"2022-04-12T04:51:40.901Z"}
{"level":"error","message":"(intermediate value).then is not a function","timestamp":"2022-04-12T04:53:12.086Z"}
{"level":"error","message":"Cannot access 'product' before initialization","timestamp":"2022-04-12T04:55:48.685Z"}
{"level":"error","message":"(intermediate value).then is not a function","timestamp":"2022-04-12T04:59:18.040Z"}
{"level":"error","message":"Non-existent user.","timestamp":"2022-04-12T12:26:49.626Z"}
{"level":"error","message":"Non-existent user.","timestamp":"2022-04-12T12:27:31.216Z"}
{"level":"error","message":"Non-existent user.","timestamp":"2022-04-12T12:30:29.645Z"}
{"level":"error","message":"Non-existent user.","timestamp":"2022-04-12T12:36:09.506Z"}
{"level":"error","message":"Non-existent user.","timestamp":"2022-04-12T12:42:48.644Z"}
{"level":"error","message":"Non-existent user.","timestamp":"2022-04-12T12:46:45.029Z"}
{"level":"error","message":"Non-existent user.","timestamp":"2022-04-12T12:49:42.915Z"}
{"level":"error","message":"Non-existent user.","timestamp":"2022-04-12T16:49:31.201Z"}
{"level":"error","message":"Non-existent user.","timestamp":"2022-04-12T16:51:24.773Z"}
{"level":"error","message":"Non-existent user.","timestamp":"2022-04-12T16:52:44.718Z"}
{"level":"error","message":"Cast to ObjectId failed for value \"undefined\" (type string) at path \"_id\" for model \"User\"","timestamp":"2022-04-12T16:55:30.936Z"}
{"level":"error","message":"Cast to ObjectId failed for value \"undefined\" (type string) at path \"_id\" for model \"User\"","timestamp":"2022-04-12T16:56:07.095Z"}
{"level":"error","message":"Cast to ObjectId failed for value \"undefined\" (type string) at path \"_id\" for model \"User\"","timestamp":"2022-04-12T16:56:28.134Z"}
{"level":"error","message":"Cast to ObjectId failed for value \"undefined\" (type string) at path \"_id\" for model \"User\"","timestamp":"2022-04-12T16:56:56.463Z"}
{"level":"error","message":"Cast to ObjectId failed for value \"undefined\" (type string) at path \"_id\" for model \"User\"","timestamp":"2022-04-12T16:58:02.823Z"}
{"level":"error","message":"Non-existent user.","timestamp":"2022-04-12T16:58:48.331Z"}
{"level":"error","message":"Non-existent user.","timestamp":"2022-04-12T16:59:31.683Z"}
{"level":"error","message":"Cast to ObjectId failed for value \"undefined\" (type string) at path \"_id\" for model \"Cart\"","timestamp":"2022-04-12T17:01:09.610Z"}
{"level":"error","message":"Cast to ObjectId failed for value \"{\n  id: '6253c3018c7fa8df710d49c9',\n  first_name: 'Dante',\n  last_name: 'Muslera',\n  fullName: 'Dante Muslera',\n  email: 'dantemus@gmail.com',\n  username: 'dantemus@gmail.com',\n  phone: '541194738621',\n  address: 'Av Sidebal 2000',\n  age: 22\n}\" (type Object) at path \"_id\" for model \"User\"","timestamp":"2022-04-12T17:04:30.567Z"}
{"level":"error","message":"Cast to ObjectId failed for value \"{\n  id: '6253c3018c7fa8df710d49c9',\n  first_name: 'Dante',\n  last_name: 'Muslera',\n  fullName: 'Dante Muslera',\n  email: 'dantemus@gmail.com',\n  username: 'dantemus@gmail.com',\n  phone: '541194738621',\n  address: 'Av Sidebal 2000',\n  age: 22\n}\" (type Object) at path \"_id\" for model \"User\"","timestamp":"2022-04-12T17:05:37.012Z"}
{"level":"error","message":"Cast to ObjectId failed for value \"{\n  id: '6255b4764b23a216db11459c',\n  first_name: 'Roberto',\n  last_name: 'Cildañez',\n  fullName: 'Roberto Cildañez',\n  email: 'robercild@gmail.com',\n  username: 'robercild@gmail.com',\n  phone: '541167896543',\n  address: 'Av La vecindad 8000',\n  age: 24\n}\" (type Object) at path \"_id\" for model \"User\"","timestamp":"2022-04-12T17:19:20.317Z"}
{"level":"error","message":"Non-existent user.","timestamp":"2022-04-12T17:22:58.145Z"}
{"level":"error","message":"Non-existent user.","timestamp":"2022-04-12T17:30:13.505Z"}
{"level":"error","message":"Non-existent user.","timestamp":"2022-04-12T17:33:10.818Z"}
{"level":"error","message":"Non-existent user.","timestamp":"2022-04-12T22:56:45.350Z"}
{"level":"error","message":"Non-existent user.","timestamp":"2022-04-12T23:08:40.762Z"}
{"level":"error","message":"Cast to ObjectId failed for value \"6255084381cc04eb2cd982a2dae4a44\" (type string) at path \"_id\" for model \"Product\"","timestamp":"2022-04-13T02:05:58.853Z"}
