{"level":"info","message":"Server listen on port 3000","timestamp":"2022-04-11T04:30:15.200Z"}
{"level":"info","message":"Server listen on port 3000","timestamp":"2022-04-11T04:33:42.181Z"}
{"level":"info","message":"Server listen on port 3000","timestamp":"2022-04-11T04:38:50.046Z"}
{"level":"info","message":"Server listen on port 3000","timestamp":"2022-04-11T04:56:12.276Z"}
{"level":"info","message":"Server listen on port 3000","timestamp":"2022-04-11T05:02:35.834Z"}
{"level":"info","message":"Server listen on port 3000","timestamp":"2022-04-11T05:12:52.774Z"}
{"level":"info","message":{"accepted":["carrerafranco825@gmail.com"],"envelope":{"from":"Api E-commerce","to":["carrerafranco825@gmail.com"]},"envelopeTime":595,"messageId":"<1a51d33d-fc92-0c80-64eb-31c04b20d338@Api E-commerce>","messageSize":864,"messageTime":566,"rejected":[],"response":"250 2.0.0 OK  1649654010 y13-20020a4a650d000000b00329a5250c77sm3386423ooc.6 - gsmtp"},"timestamp":"2022-04-11T05:13:30.036Z"}
{"level":"info","message":"Email has been sent to the new user for new registration.","timestamp":"2022-04-11T05:13:30.037Z"}
{"level":"info","message":"carrerafranco421@gmail.com","timestamp":"2022-04-11T05:13:49.119Z"}
{"level":"info","message":"mivida","timestamp":"2022-04-11T05:13:49.119Z"}
{"level":"info","message":"carrerafranco425@gmail.com","timestamp":"2022-04-11T05:24:18.095Z"}
{"level":"info","message":"mivida","timestamp":"2022-04-11T05:24:18.095Z"}
{"level":"info","message":"carrerafranco421@gmail.com","timestamp":"2022-04-11T05:24:28.582Z"}
{"level":"info","message":"mivida","timestamp":"2022-04-11T05:24:28.583Z"}
{"level":"info","message":"carrerafranco421@gmail.com","timestamp":"2022-04-11T05:32:48.382Z"}
{"level":"info","message":"mivida","timestamp":"2022-04-11T05:32:48.383Z"}
{"level":"info","message":"Server listen on port 3000","timestamp":"2022-04-11T05:42:54.234Z"}
{"level":"info","message":"carrerafranco421@gmail.com","timestamp":"2022-04-11T05:43:14.199Z"}
{"level":"info","message":"mivida","timestamp":"2022-04-11T05:43:14.200Z"}
{"level":"info","message":"carrerafranco421@gmail.com","timestamp":"2022-04-11T05:43:19.726Z"}
{"level":"info","message":"mivida","timestamp":"2022-04-11T05:43:19.726Z"}
{"level":"info","message":"carrerafranco421@gmail.com","timestamp":"2022-04-11T05:43:58.669Z"}
{"level":"info","message":"mivida","timestamp":"2022-04-11T05:43:58.670Z"}
{"level":"info","message":"Server listen on port 3000","timestamp":"2022-04-11T05:55:02.945Z"}
{"level":"info","message":{"accepted":["carrerafranco825@gmail.com"],"envelope":{"from":"Api E-commerce","to":["carrerafranco825@gmail.com"]},"envelopeTime":630,"messageId":"<dfeba15a-6eba-460e-8fe2-48e16c14828c@Api E-commerce>","messageSize":850,"messageTime":592,"rejected":[],"response":"250 2.0.0 OK  1649656577 i16-20020a056870d41000b000e1a3a897basm11772332oag.26 - gsmtp"},"timestamp":"2022-04-11T05:56:17.422Z"}
{"level":"info","message":"Email has been sent to the new user for new registration.","timestamp":"2022-04-11T05:56:17.423Z"}
{"level":"info","message":"dantemus@gmail.com","timestamp":"2022-04-11T05:56:55.725Z"}
{"level":"info","message":"baila","timestamp":"2022-04-11T05:56:55.725Z"}
{"level":"info","message":"dantemus@gmail.com","timestamp":"2022-04-11T06:02:38.507Z"}
{"level":"info","message":"baila","timestamp":"2022-04-11T06:02:38.507Z"}
{"level":"info","message":"Server listen on port 3000","timestamp":"2022-04-11T06:12:01.142Z"}
{"level":"info","message":"dantemus@gmail.com","timestamp":"2022-04-11T06:13:07.461Z"}
{"level":"info","message":"baila","timestamp":"2022-04-11T06:13:07.461Z"}
{"level":"info","message":"Server listen on port 3000","timestamp":"2022-04-11T06:34:56.815Z"}
{"level":"info","message":"dantemus@gmail.com","timestamp":"2022-04-11T06:35:50.195Z"}
{"level":"info","message":"baila","timestamp":"2022-04-11T06:35:50.195Z"}
{"level":"info","message":"Server listen on port 3000","timestamp":"2022-04-11T06:42:33.869Z"}
{"level":"info","message":"dantemus@gmail.com","timestamp":"2022-04-11T06:42:58.226Z"}
{"level":"info","message":"baila","timestamp":"2022-04-11T06:42:58.226Z"}
{"level":"info","message":"Server listen on port 3000","timestamp":"2022-04-11T06:44:00.632Z"}
{"level":"info","message":"Server listen on port 3000","timestamp":"2022-04-11T06:53:04.128Z"}
{"level":"info","message":"Server listen on port 3000","timestamp":"2022-04-11T06:58:23.540Z"}
{"level":"info","message":"Server listen on port 3000","timestamp":"2022-04-11T07:04:31.573Z"}
{"level":"info","message":"dantemus@gmail.com","timestamp":"2022-04-11T07:04:51.791Z"}
{"level":"info","message":"baila","timestamp":"2022-04-11T07:04:51.792Z"}
{"level":"info","message":"Server listen on port 3000","timestamp":"2022-04-11T07:07:56.660Z"}
{"level":"info","message":"carrerafranco421@gmail.com","timestamp":"2022-04-11T07:08:27.112Z"}
{"level":"info","message":"mivida","timestamp":"2022-04-11T07:08:27.113Z"}
{"level":"info","message":"Server listen on port 3000","timestamp":"2022-04-11T07:15:20.473Z"}
{"level":"info","message":"dantemus@gmail.com","timestamp":"2022-04-11T07:15:37.231Z"}
{"level":"info","message":"baila","timestamp":"2022-04-11T07:15:37.231Z"}
{"level":"info","message":"Server listen on port 3000","timestamp":"2022-04-11T16:54:06.071Z"}
{"level":"info","message":"Server listen on port 3000","timestamp":"2022-04-11T16:54:39.936Z"}
{"level":"info","message":"dantemus@gmail.com","timestamp":"2022-04-11T16:55:03.192Z"}
{"level":"info","message":"baila","timestamp":"2022-04-11T16:55:03.193Z"}
{"level":"info","message":"Server listen on port 3000","timestamp":"2022-04-11T16:59:45.953Z"}
{"level":"info","message":"dantemus@gmail.com","timestamp":"2022-04-11T16:59:55.199Z"}
{"level":"info","message":"baila","timestamp":"2022-04-11T16:59:55.200Z"}
{"level":"info","message":"Server listen on port 3000","timestamp":"2022-04-11T17:10:02.280Z"}
{"level":"info","message":"dantemus@gmail.com","timestamp":"2022-04-11T17:10:13.558Z"}
{"level":"info","message":"baila","timestamp":"2022-04-11T17:10:13.558Z"}
{"level":"info","message":"Server listen on port 3000","timestamp":"2022-04-11T17:12:53.417Z"}
{"level":"info","message":"Server listen on port 3000","timestamp":"2022-04-12T04:49:37.433Z"}
{"level":"info","message":"dantemus@gmail.com","timestamp":"2022-04-12T04:49:56.844Z"}
{"level":"info","message":"baila","timestamp":"2022-04-12T04:49:56.844Z"}
{"level":"info","message":"Server listen on port 3000","timestamp":"2022-04-12T04:52:22.711Z"}
{"level":"info","message":"Server listen on port 3000","timestamp":"2022-04-12T04:55:01.280Z"}
{"level":"info","message":"Server listen on port 3000","timestamp":"2022-04-12T04:58:17.435Z"}
{"level":"info","message":"dantemus@gmail.com","timestamp":"2022-04-12T04:58:40.513Z"}
{"level":"info","message":"baila","timestamp":"2022-04-12T04:58:40.514Z"}
{"level":"info","message":"Server listen on port 3000","timestamp":"2022-04-12T05:03:11.699Z"}
{"level":"info","message":"dantemus@gmail.com","timestamp":"2022-04-12T05:03:24.674Z"}
{"level":"info","message":"baila","timestamp":"2022-04-12T05:03:24.674Z"}
{"level":"info","message":"Server listen on port 3000","timestamp":"2022-04-12T05:19:08.645Z"}
{"level":"info","message":"dantemus@gmail.com","timestamp":"2022-04-12T05:19:30.896Z"}
{"level":"info","message":"baila","timestamp":"2022-04-12T05:19:30.897Z"}
{"level":"info","message":"Server listen on port 3000","timestamp":"2022-04-12T05:34:33.397Z"}
{"level":"info","message":"dantemus@gmail.com","timestamp":"2022-04-12T05:34:43.118Z"}
{"level":"info","message":"baila","timestamp":"2022-04-12T05:34:43.118Z"}
{"level":"info","message":"dantemus@gmail.com","timestamp":"2022-04-12T05:36:22.404Z"}
{"level":"info","message":"baila","timestamp":"2022-04-12T05:36:22.405Z"}
{"level":"info","message":"Server listen on port 3000","timestamp":"2022-04-12T06:07:23.890Z"}
{"level":"info","message":"dantemus@gmail.com","timestamp":"2022-04-12T06:08:01.308Z"}
{"level":"info","message":"baila","timestamp":"2022-04-12T06:08:01.308Z"}
{"level":"info","message":"Server listen on port 3000","timestamp":"2022-04-12T06:30:12.723Z"}
{"level":"info","message":"dantemus@gmail.com","timestamp":"2022-04-12T06:30:26.396Z"}
{"level":"info","message":"baila","timestamp":"2022-04-12T06:30:26.396Z"}
{"level":"info","message":"Server listen on port 3000","timestamp":"2022-04-12T11:56:22.523Z"}
{"level":"info","message":"dantemus@gmail.com","timestamp":"2022-04-12T12:00:26.346Z"}
{"level":"info","message":"baila","timestamp":"2022-04-12T12:00:26.347Z"}
{"level":"info","message":"dantemus@gmail.com","timestamp":"2022-04-12T12:03:14.208Z"}
{"level":"info","message":"baila","timestamp":"2022-04-12T12:03:14.209Z"}
{"level":"info","message":"dantemus@gmail.com","timestamp":"2022-04-12T12:06:19.224Z"}
{"level":"info","message":"baila","timestamp":"2022-04-12T12:06:19.224Z"}
{"level":"info","message":"Server listen on port 3000","timestamp":"2022-04-12T14:39:35.797Z"}
{"level":"info","message":"dantemus@gmail.com","timestamp":"2022-04-12T14:39:48.959Z"}
{"level":"info","message":"baila","timestamp":"2022-04-12T14:39:48.959Z"}
{"level":"info","message":"Server listen on port 3000","timestamp":"2022-04-12T15:53:44.976Z"}
{"level":"info","message":"carrerafranco421@gmail.com","timestamp":"2022-04-12T15:54:19.339Z"}
{"level":"info","message":"mivida","timestamp":"2022-04-12T15:54:19.339Z"}
{"level":"info","message":"carrerafranco421@gmail.com","timestamp":"2022-04-12T15:54:41.104Z"}
{"level":"info","message":"mivida","timestamp":"2022-04-12T15:54:41.105Z"}
{"level":"info","message":"dantemus@gmail.com","timestamp":"2022-04-12T16:58:18.814Z"}
{"level":"info","message":"baila","timestamp":"2022-04-12T16:58:18.814Z"}
{"level":"info","message":"Server listen on port 3000","timestamp":"2022-04-12T17:17:06.449Z"}
{"level":"info","message":{"accepted":["carrerafranco825@gmail.com"],"envelope":{"from":"Api E-commerce","to":["carrerafranco825@gmail.com"]},"envelopeTime":614,"messageId":"<4e81f721-bdad-04f1-5205-7e78960b0d6c@Api E-commerce>","messageSize":784,"messageTime":815,"rejected":[],"response":"250 2.0.0 OK  1649783926 gu14-20020a056870ab0e00b000e2d96cebe5sm2256017oab.48 - gsmtp"},"timestamp":"2022-04-12T17:18:46.402Z"}
{"level":"info","message":"Email has been sent to the new user for new registration.","timestamp":"2022-04-12T17:18:46.403Z"}
{"level":"info","message":"robercild@gmail.com","timestamp":"2022-04-12T17:19:05.864Z"}
{"level":"info","message":"maraca","timestamp":"2022-04-12T17:19:05.864Z"}
{"level":"info","message":"Server listen on port 3000","timestamp":"2022-04-12T17:22:31.687Z"}
{"level":"info","message":"robercild@gmail.com","timestamp":"2022-04-12T17:22:41.848Z"}
{"level":"info","message":"maraca","timestamp":"2022-04-12T17:22:41.849Z"}
{"level":"info","message":"Server listen on port 3000","timestamp":"2022-04-12T17:30:03.801Z"}
{"level":"info","message":"Server listen on port 3000","timestamp":"2022-04-12T17:32:51.291Z"}
{"level":"info","message":"robercild@gmail.com","timestamp":"2022-04-12T17:33:03.897Z"}
{"level":"info","message":"mivida","timestamp":"2022-04-12T17:33:03.897Z"}
{"level":"info","message":"Server listen on port 3000","timestamp":"2022-04-12T22:55:08.052Z"}
{"level":"info","message":"Server listen on port 3000","timestamp":"2022-04-12T22:56:16.153Z"}
{"level":"info","message":"robercild@gmail.com","timestamp":"2022-04-12T22:56:31.506Z"}
{"level":"info","message":"maraca","timestamp":"2022-04-12T22:56:31.506Z"}
{"level":"info","message":"Server listen on port 3000","timestamp":"2022-04-12T23:06:57.843Z"}
{"level":"info","message":{"accepted":["carrerafranco825@gmail.com"],"envelope":{"from":"Api E-commerce","to":["carrerafranco825@gmail.com"]},"envelopeTime":577,"messageId":"<03dcd105-12a3-661c-f8fd-1765046cf232@Api E-commerce>","messageSize":778,"messageTime":485,"rejected":[],"response":"250 2.0.0 OK  1649804899 u22-20020a4ae696000000b0032158ab4ce9sm13189258oot.26 - gsmtp"},"timestamp":"2022-04-12T23:08:19.452Z"}
{"level":"info","message":"Email has been sent to the new user for new registration.","timestamp":"2022-04-12T23:08:19.452Z"}
{"level":"info","message":"pablojuanez@gmail.com","timestamp":"2022-04-12T23:08:28.534Z"}
{"level":"info","message":"milla","timestamp":"2022-04-12T23:08:28.535Z"}
{"level":"info","message":"Server listen on port 3000","timestamp":"2022-04-13T02:05:30.202Z"}
