{"level":"warn","message":"GET method in path /api/countries not implemented.","timestamp":"2022-04-01T00:13:00.885Z"}
{"level":"warn","message":"GET method in path / not implemented.","timestamp":"2022-04-01T01:08:00.914Z"}
{"level":"warn","message":"GET method in path /users not implemented.","timestamp":"2022-04-01T01:39:25.605Z"}
{"level":"warn","message":"GET method in path /users not implemented.","timestamp":"2022-04-01T01:39:40.623Z"}
{"level":"warn","message":"GET method in path /users not implemented.","timestamp":"2022-04-01T01:39:41.669Z"}
{"level":"warn","message":"GET method in path /users not implemented.","timestamp":"2022-04-01T01:40:00.984Z"}
{"level":"warn","message":"GET method in path /users not implemented.","timestamp":"2022-04-01T01:42:10.629Z"}
{"level":"warn","message":"GET method in path /apiuser/6246467adb7a7c1b45d69c8e not implemented.","timestamp":"2022-04-04T22:56:04.621Z"}
{"level":"warn","message":"GET method in path /apiuser/6246467adb7a7c1b45d69c8e not implemented.","timestamp":"2022-04-04T22:57:04.239Z"}
{"level":"warn","message":"GET method in path /apiuser/6246467adb7a7c1b45d69c8e not implemented.","timestamp":"2022-04-04T22:57:20.090Z"}
{"level":"warn","message":"GET method in path /apiuser/6246467adb7a7c1b45d69c8e not implemented.","timestamp":"2022-04-04T22:59:29.435Z"}
{"level":"warn","message":"GET method in path /api/user/6246467adb7a7c1b45d69c8e not implemented.","timestamp":"2022-04-04T23:00:02.753Z"}
{"level":"warn","message":"GET method in path /api/carts/624c4af3138f9321cb2504ab/products/624c56f4dfa76a348216f603 not implemented.","timestamp":"2022-04-05T15:05:18.888Z"}
{"level":"warn","message":"GET method in path /api/users624f5b7cc914e2193d97e2de not implemented.","timestamp":"2022-04-07T22:21:56.292Z"}
{"level":"warn","message":"GET method in path /api/users624f5b7cc914e2193d97e2de not implemented.","timestamp":"2022-04-07T22:28:39.610Z"}
{"level":"warn","message":"PUT method in path /api/users624f5b7cc914e2193d97e2de not implemented.","timestamp":"2022-04-07T22:28:39.658Z"}
{"level":"warn","message":"GET method in path /api/users624f5b7cc914e2193d97e2de not implemented.","timestamp":"2022-04-07T22:35:32.620Z"}
{"level":"warn","message":"PUT method in path /api/users624f5b7cc914e2193d97e2de not implemented.","timestamp":"2022-04-07T22:35:32.668Z"}
{"level":"warn","message":"GET method in path /api/users624fa76e1d31fc9aac2139aa not implemented.","timestamp":"2022-04-08T03:09:34.288Z"}
{"level":"warn","message":"PUT method in path /api/users624fa76e1d31fc9aac2139aa not implemented.","timestamp":"2022-04-08T03:09:34.338Z"}
{"level":"warn","message":"GET method in path /api/users624faa671d31fc9aac2139b1 not implemented.","timestamp":"2022-04-08T03:22:16.015Z"}
{"level":"warn","message":"PUT method in path /api/users624faa671d31fc9aac2139b1 not implemented.","timestamp":"2022-04-08T03:22:16.068Z"}
{"level":"warn","message":"GET method in path /api/users624fab8f1d31fc9aac2139b8 not implemented.","timestamp":"2022-04-08T03:27:11.885Z"}
{"level":"warn","message":"PUT method in path /api/users624fab8f1d31fc9aac2139b8 not implemented.","timestamp":"2022-04-08T03:27:11.933Z"}
{"level":"warn","message":"GET method in path /api/users624fac0b1d31fc9aac2139bf not implemented.","timestamp":"2022-04-08T03:29:15.640Z"}
{"level":"warn","message":"PUT method in path /api/users624fac0b1d31fc9aac2139bf not implemented.","timestamp":"2022-04-08T03:29:15.688Z"}
{"level":"warn","message":"DELETE method in path /api/users624facee1d31fc9aac2139c7 not implemented.","timestamp":"2022-04-08T03:34:07.475Z"}
{"level":"warn","message":"GET method in path /api/carts/624fbc691d31fc9aac213b07/products/62502800a1bd2e90af3dd3c0 not implemented.","timestamp":"2022-04-08T12:18:08.329Z"}
{"level":"warn","message":"GET method in path /api/carts/624fbc691d31fc9aac213b07/products/62502968a1bd2e90af3dd3db not implemented.","timestamp":"2022-04-08T12:24:08.386Z"}
{"level":"warn","message":"GET method in path /api/carts/624fbc691d31fc9aac213b07/products/625029c8a1bd2e90af3dd3f5 not implemented.","timestamp":"2022-04-08T12:25:44.516Z"}
{"level":"warn","message":"GET method in path /api/carts/624fbc691d31fc9aac213b07/products/62502b56a1bd2e90af3dd429 not implemented.","timestamp":"2022-04-08T12:32:22.921Z"}
{"level":"warn","message":"GET method in path /api/carts/624fbc691d31fc9aac213b07/products/62502bc1a1bd2e90af3dd45b not implemented.","timestamp":"2022-04-08T12:34:09.582Z"}
{"level":"warn","message":"GET method in path /api/carts/624fbc691d31fc9aac213b07/products/62502bf0a1bd2e90af3dd477 not implemented.","timestamp":"2022-04-08T12:34:56.572Z"}
{"level":"warn","message":"GET method in path /api/carts/62502d59a1bd2e90af3dd48f/products/62502d59a1bd2e90af3dd495 not implemented.","timestamp":"2022-04-08T12:40:57.434Z"}
{"level":"warn","message":"GET method in path /api/carts/62502d59a1bd2e90af3dd48f/products/62502e88a1bd2e90af3dd4b5 not implemented.","timestamp":"2022-04-08T12:46:00.149Z"}
{"level":"warn","message":"GET method in path /api/carts/62502d59a1bd2e90af3dd48f/products/62502ebea1bd2e90af3dd4d3 not implemented.","timestamp":"2022-04-08T12:46:54.907Z"}
{"level":"warn","message":"GET method in path /api/carts/62502d59a1bd2e90af3dd48f/products/625031bba1bd2e90af3dd516 not implemented.","timestamp":"2022-04-08T12:59:39.508Z"}
{"level":"warn","message":"GET method in path /api/carts/62502d59a1bd2e90af3dd48f/products/62503250a1bd2e90af3dd537 not implemented.","timestamp":"2022-04-08T13:02:08.948Z"}
{"level":"warn","message":"GET method in path /api/carts/62503375a1bd2e90af3dd577/[object%20Object] not implemented.","timestamp":"2022-04-08T13:24:15.079Z"}
{"level":"warn","message":"GET method in path /api/carts/62503375a1bd2e90af3dd577/[object%20Object] not implemented.","timestamp":"2022-04-08T13:29:32.202Z"}
{"level":"warn","message":"GET method in path /api/carts/62503375a1bd2e90af3dd577/[object%20Object] not implemented.","timestamp":"2022-04-08T13:31:50.869Z"}
{"level":"warn","message":"GET method in path /api/carts/62503375a1bd2e90af3dd577/[object%20Object] not implemented.","timestamp":"2022-04-08T13:34:42.205Z"}
{"level":"warn","message":"GET method in path /api/carts/62503a68514f57fa991aa387/[object%20Object] not implemented.","timestamp":"2022-04-08T13:50:21.947Z"}
{"level":"warn","message":"GET method in path /api/carts/62503a68514f57fa991aa387/[object%20Object] not implemented.","timestamp":"2022-04-08T14:22:14.420Z"}
{"level":"warn","message":"POST method in path /api/carts62503a68514f57fa991aa387/products/62504516514f57fa991aa3e9 not implemented.","timestamp":"2022-04-08T14:22:14.552Z"}
{"level":"warn","message":"GET method in path /api/carts/62503a68514f57fa991aa387/[object%20Object] not implemented.","timestamp":"2022-04-08T14:24:39.665Z"}
{"level":"warn","message":"GET method in path /api/carts/62503a68514f57fa991aa387/[object%20Object] not implemented.","timestamp":"2022-04-08T14:27:56.675Z"}
{"level":"warn","message":"GET method in path /api/carts/62503a68514f57fa991aa387/[object%20Object] not implemented.","timestamp":"2022-04-08T15:44:52.927Z"}
{"level":"warn","message":"GET method in path /api/carts/62503a68514f57fa991aa387/[object%20Object] not implemented.","timestamp":"2022-04-08T15:48:03.533Z"}
{"level":"warn","message":"GET method in path /api/carts/62503a68514f57fa991aa387/[object%20Object] not implemented.","timestamp":"2022-04-08T15:48:32.259Z"}
{"level":"warn","message":"GET method in path /api/carts/62503a68514f57fa991aa387/[object%20Object] not implemented.","timestamp":"2022-04-08T15:54:05.170Z"}
{"level":"warn","message":"GET method in path /api/carts/62503d9f514f57fa991aa3b3/[object%20Object] not implemented.","timestamp":"2022-04-08T15:58:17.296Z"}
